commit 3b62f808f3c76000d2d202d31b29c7c5701f5d1d
Merge: 03999e1 75e2eb9
Author: Fumiya Ichihara <146417598+ayimu@noreply.github.com>
Date:   Mon May 13 16:05:17 2024 +0900

    Merge branch 'main' of https://github.com/ayimu/newGitWorkshop

commit 03999e16a0ab201935d6c27a62634032e00d54cc
Author: Fumiya Ichihara <146417598+ayimu@noreply.github.com>
Date:   Mon May 13 15:59:16 2024 +0900

    white ->black

commit 75e2eb9c2e029649c6e98f940dcd49c86c06447b
Author: 市原史也 <146417598+ayimu@users.noreply.github.com>
Date:   Mon May 13 15:58:45 2024 +0900

    Update tetris.js skyblue->blue

commit 36e2cbeea18856e15d4280f8f7866d1d69b05316
Author: Fumiya Ichihara <146417598+ayimu@noreply.github.com>
Date:   Mon May 13 15:56:14 2024 +0900

    blue ->skyblue

commit 2dbe4d89a8cf6ec5e83577a3c45e1186000f5df2
Author: Fumiya Ichihara <146417598+ayimu@noreply.github.com>
Date:   Mon May 13 15:42:51 2024 +0900

    Update tetris.js

commit a126ba6227b0229fa6cdf861b807571f07b2e2a5
Author: Fumiya Ichihara <146417598+ayimu@noreply.github.com>
Date:   Mon May 13 15:36:27 2024 +0900

    Update tetris.js

commit 72c8231572b8283563317bb6be9d10d3bdfcf0de
Author: Fumiya Ichihara <146417598+ayimu@noreply.github.com>
Date:   Mon May 13 15:17:03 2024 +0900

    canvas-tetrisのソースコードをインポート
